[debug] [2025-02-28T19:01:07.627Z] ----------------------------------------------------------------------
[debug] [2025-02-28T19:01:07.629Z] Command:       C:\Program Files\nodejs\node.exe C:\Program Files\nodejs\node_modules\firebase-tools\lib\bin\firebase.js init
[debug] [2025-02-28T19:01:07.630Z] CLI Version:   13.32.0
[debug] [2025-02-28T19:01:07.630Z] Platform:      win32
[debug] [2025-02-28T19:01:07.630Z] Node Version:  v18.20.4
[debug] [2025-02-28T19:01:07.631Z] Time:          Sat Mar 01 2025 00:31:07 GMT+0530 (India Standard Time)
[debug] [2025-02-28T19:01:07.631Z] ----------------------------------------------------------------------
[debug] 
[debug] [2025-02-28T19:01:07.640Z] > command requires scopes: ["email","openid","https://www.googleapis.com/auth/cloudplatformprojects.readonly","https://www.googleapis.com/auth/firebase","https://www.googleapis.com/auth/cloud-platform"]
[debug] [2025-02-28T19:01:07.640Z] > authorizing via signed-in user (duzo.kriton@gmail.com)
[info] 
     ######## #### ########  ######## ########     ###     ######  ########
     ##        ##  ##     ## ##       ##     ##  ##   ##  ##       ##
     ######    ##  ########  ######   ########  #########  ######  ######
     ##        ##  ##    ##  ##       ##     ## ##     ##       ## ##
     ##       #### ##     ## ######## ########  ##     ##  ######  ########

You're about to initialize a Firebase project in this directory:

  C:\Users\Ashish\OneDrive\Desktop\MITRA\MITRA website\MITRA

[info] 
=== Project Setup
[info] 
[info] First, let's associate this project directory with a Firebase project.
[info] You can create multiple project aliases by running firebase use --add, 
[info] but for now we'll just set up a default project.
[info] 
[debug] [2025-02-28T19:03:32.034Z] Checked if tokens are valid: false, expires at: 1730554550242
[debug] [2025-02-28T19:03:32.034Z] Checked if tokens are valid: false, expires at: 1730554550242
[debug] [2025-02-28T19:03:32.034Z] > refreshing access token with scopes: []
[debug] [2025-02-28T19:03:32.036Z] >>> [apiv2][query] POST https://www.googleapis.com/oauth2/v3/token [none]
[debug] [2025-02-28T19:03:32.036Z] >>> [apiv2][body] POST https://www.googleapis.com/oauth2/v3/token [omitted]
[debug] [2025-02-28T19:03:32.241Z] <<< [apiv2][status] POST https://www.googleapis.com/oauth2/v3/token 400
[debug] [2025-02-28T19:03:32.241Z] <<< [apiv2][body] POST https://www.googleapis.com/oauth2/v3/token [omitted]
[debug] [2025-02-28T19:03:32.242Z] >>> [apiv2][query] GET https://firebase.googleapis.com/v1beta1/projects pageSize=100
[debug] [2025-02-28T19:03:32.714Z] <<< [apiv2][status] GET https://firebase.googleapis.com/v1beta1/projects 401
[debug] [2025-02-28T19:03:32.714Z] <<< [apiv2][body] GET https://firebase.googleapis.com/v1beta1/projects [omitted]
[debug] [2025-02-28T19:03:32.714Z] Got a 401 Unauthenticated error for a call that required authentication. Refreshing tokens.
[debug] [2025-02-28T19:03:32.715Z] Checked if tokens are valid: false, expires at: 1730554550242
[debug] [2025-02-28T19:03:32.715Z] Checked if tokens are valid: false, expires at: 1730554550242
[debug] [2025-02-28T19:03:32.715Z] > refreshing access token with scopes: []
[debug] [2025-02-28T19:03:32.715Z] >>> [apiv2][query] POST https://www.googleapis.com/oauth2/v3/token [none]
[debug] [2025-02-28T19:03:32.715Z] >>> [apiv2][body] POST https://www.googleapis.com/oauth2/v3/token [omitted]
[debug] [2025-02-28T19:03:32.837Z] <<< [apiv2][status] POST https://www.googleapis.com/oauth2/v3/token 400
[debug] [2025-02-28T19:03:32.837Z] <<< [apiv2][body] POST https://www.googleapis.com/oauth2/v3/token [omitted]
[debug] [2025-02-28T19:03:32.838Z] Request to https://firebase.googleapis.com/v1beta1/projects?pageSize=100 had HTTP Error: 401, Request had invalid authentication credentials. Expected OAuth 2 access token, login cookie or other valid authentication credential. See https://developers.google.com/identity/sign-in/web/devconsole-project.
[debug] [2025-02-28T19:03:32.964Z] FirebaseError: Request to https://firebase.googleapis.com/v1beta1/projects?pageSize=100 had HTTP Error: 401, Request had invalid authentication credentials. Expected OAuth 2 access token, login cookie or other valid authentication credential. See https://developers.google.com/identity/sign-in/web/devconsole-project.
    at responseToError (C:\Users\Ashish\AppData\Roaming\nvm\v18.20.4\node_modules\firebase-tools\lib\responseToError.js:52:12)
    at RetryOperation._fn (C:\Users\Ashish\AppData\Roaming\nvm\v18.20.4\node_modules\firebase-tools\lib\apiv2.js:312:77)
    at process.processTicksAndRejections (node:internal/process/task_queues:95:5)
[error] 
[error] Error: Failed to list Firebase projects. See firebase-debug.log for more info.
[debug] [2025-02-28T19:04:21.128Z] ----------------------------------------------------------------------
[debug] [2025-02-28T19:04:21.131Z] Command:       C:\Program Files\nodejs\node.exe C:\Program Files\nodejs\node_modules\firebase-tools\lib\bin\firebase.js init
[debug] [2025-02-28T19:04:21.131Z] CLI Version:   13.32.0
[debug] [2025-02-28T19:04:21.132Z] Platform:      win32
[debug] [2025-02-28T19:04:21.132Z] Node Version:  v18.20.4
[debug] [2025-02-28T19:04:21.133Z] Time:          Sat Mar 01 2025 00:34:21 GMT+0530 (India Standard Time)
[debug] [2025-02-28T19:04:21.133Z] ----------------------------------------------------------------------
[debug] 
[debug] [2025-02-28T19:04:21.141Z] > command requires scopes: ["email","openid","https://www.googleapis.com/auth/cloudplatformprojects.readonly","https://www.googleapis.com/auth/firebase","https://www.googleapis.com/auth/cloud-platform"]
[debug] [2025-02-28T19:04:21.141Z] > authorizing via signed-in user (duzo.kriton@gmail.com)
[info] 
     ######## #### ########  ######## ########     ###     ######  ########
     ##        ##  ##     ## ##       ##     ##  ##   ##  ##       ##
     ######    ##  ########  ######   ########  #########  ######  ######
     ##        ##  ##    ##  ##       ##     ## ##     ##       ## ##
     ##       #### ##     ## ######## ########  ##     ##  ######  ########

You're about to initialize a Firebase project in this directory:

  C:\Users\Ashish\OneDrive\Desktop\MITRA\MITRA website\MITRA

[info] 
=== Project Setup
[info] 
[info] First, let's associate this project directory with a Firebase project.
[info] You can create multiple project aliases by running firebase use --add, 
[info] but for now we'll just set up a default project.
[info] 
[debug] [2025-02-28T19:05:02.447Z] Checked if tokens are valid: false, expires at: 1730554550242
[debug] [2025-02-28T19:05:02.448Z] Checked if tokens are valid: false, expires at: 1730554550242
[debug] [2025-02-28T19:05:02.448Z] > refreshing access token with scopes: []
[debug] [2025-02-28T19:05:02.450Z] >>> [apiv2][query] POST https://www.googleapis.com/oauth2/v3/token [none]
[debug] [2025-02-28T19:05:02.450Z] >>> [apiv2][body] POST https://www.googleapis.com/oauth2/v3/token [omitted]
[debug] [2025-02-28T19:05:02.628Z] <<< [apiv2][status] POST https://www.googleapis.com/oauth2/v3/token 400
[debug] [2025-02-28T19:05:02.628Z] <<< [apiv2][body] POST https://www.googleapis.com/oauth2/v3/token [omitted]
[debug] [2025-02-28T19:05:02.630Z] >>> [apiv2][query] GET https://firebase.googleapis.com/v1beta1/projects pageSize=100
[debug] [2025-02-28T19:05:03.105Z] <<< [apiv2][status] GET https://firebase.googleapis.com/v1beta1/projects 401
[debug] [2025-02-28T19:05:03.106Z] <<< [apiv2][body] GET https://firebase.googleapis.com/v1beta1/projects [omitted]
[debug] [2025-02-28T19:05:03.106Z] Got a 401 Unauthenticated error for a call that required authentication. Refreshing tokens.
[debug] [2025-02-28T19:05:03.106Z] Checked if tokens are valid: false, expires at: 1730554550242
[debug] [2025-02-28T19:05:03.106Z] Checked if tokens are valid: false, expires at: 1730554550242
[debug] [2025-02-28T19:05:03.106Z] > refreshing access token with scopes: []
[debug] [2025-02-28T19:05:03.106Z] >>> [apiv2][query] POST https://www.googleapis.com/oauth2/v3/token [none]
[debug] [2025-02-28T19:05:03.106Z] >>> [apiv2][body] POST https://www.googleapis.com/oauth2/v3/token [omitted]
[debug] [2025-02-28T19:05:03.228Z] <<< [apiv2][status] POST https://www.googleapis.com/oauth2/v3/token 400
[debug] [2025-02-28T19:05:03.228Z] <<< [apiv2][body] POST https://www.googleapis.com/oauth2/v3/token [omitted]
[debug] [2025-02-28T19:05:03.229Z] Request to https://firebase.googleapis.com/v1beta1/projects?pageSize=100 had HTTP Error: 401, Request had invalid authentication credentials. Expected OAuth 2 access token, login cookie or other valid authentication credential. See https://developers.google.com/identity/sign-in/web/devconsole-project.
[debug] [2025-02-28T19:05:03.347Z] FirebaseError: Request to https://firebase.googleapis.com/v1beta1/projects?pageSize=100 had HTTP Error: 401, Request had invalid authentication credentials. Expected OAuth 2 access token, login cookie or other valid authentication credential. See https://developers.google.com/identity/sign-in/web/devconsole-project.
    at responseToError (C:\Users\Ashish\AppData\Roaming\nvm\v18.20.4\node_modules\firebase-tools\lib\responseToError.js:52:12)
    at RetryOperation._fn (C:\Users\Ashish\AppData\Roaming\nvm\v18.20.4\node_modules\firebase-tools\lib\apiv2.js:312:77)
    at process.processTicksAndRejections (node:internal/process/task_queues:95:5)
[error] 
[error] Error: Failed to list Firebase projects. See firebase-debug.log for more info.
